<?xml version="1.0" encoding="UTF-8"?>
<testsuite xmlns:xsi="http://www.w3.org/2001/XMLSchema-instance" xsi:noNamespaceSchemaLocation="https://maven.apache.org/surefire/maven-surefire-plugin/xsd/surefire-test-report.xsd" name="com.netmind.demo.DemoApplicationTests" time="23.523" tests="1" errors="0" skipped="0" failures="0">
  <properties>
    <property name="sun.desktop" value="windows"/>
    <property name="awt.toolkit" value="sun.awt.windows.WToolkit"/>
    <property name="java.specification.version" value="11"/>
    <property name="sun.cpu.isalist" value="amd64"/>
    <property name="sun.jnu.encoding" value="Cp1252"/>
    <property name="java.class.path" value="D:\Shared\MyFiles\Netmind\spring-boot-microservices\demo\target\test-classes;D:\Shared\MyFiles\Netmind\spring-boot-microservices\demo\target\classes;D:\Shared\MyFiles\Netmind\MI1456-ApacheServiceMix\apache-servicemix-7.0.1\mine-repo\org\springframework\boot\spring-boot-starter-data-jpa\2.7.4\spring-boot-starter-data-jpa-2.7.4.jar;D:\Shared\MyFiles\Netmind\MI1456-ApacheServiceMix\apache-servicemix-7.0.1\mine-repo\org\springframework\boot\spring-boot-starter-aop\2.7.4\spring-boot-starter-aop-2.7.4.jar;D:\Shared\MyFiles\Netmind\MI1456-ApacheServiceMix\apache-servicemix-7.0.1\mine-repo\org\springframework\spring-aop\5.3.23\spring-aop-5.3.23.jar;D:\Shared\MyFiles\Netmind\MI1456-ApacheServiceMix\apache-servicemix-7.0.1\mine-repo\org\aspectj\aspectjweaver\1.9.7\aspectjweaver-1.9.7.jar;D:\Shared\MyFiles\Netmind\MI1456-ApacheServiceMix\apache-servicemix-7.0.1\mine-repo\org\springframework\boot\spring-boot-starter-jdbc\2.7.4\spring-boot-starter-jdbc-2.7.4.jar;D:\Shared\MyFiles\Netmind\MI1456-ApacheServiceMix\apache-servicemix-7.0.1\mine-repo\com\zaxxer\HikariCP\4.0.3\HikariCP-4.0.3.jar;D:\Shared\MyFiles\Netmind\MI1456-ApacheServiceMix\apache-servicemix-7.0.1\mine-repo\org\springframework\spring-jdbc\5.3.23\spring-jdbc-5.3.23.jar;D:\Shared\MyFiles\Netmind\MI1456-ApacheServiceMix\apache-servicemix-7.0.1\mine-repo\jakarta\transaction\jakarta.transaction-api\1.3.3\jakarta.transaction-api-1.3.3.jar;D:\Shared\MyFiles\Netmind\MI1456-ApacheServiceMix\apache-servicemix-7.0.1\mine-repo\jakarta\persistence\jakarta.persistence-api\2.2.3\jakarta.persistence-api-2.2.3.jar;D:\Shared\MyFiles\Netmind\MI1456-ApacheServiceMix\apache-servicemix-7.0.1\mine-repo\org\hibernate\hibernate-core\5.6.11.Final\hibernate-core-5.6.11.Final.jar;D:\Shared\MyFiles\Netmind\MI1456-ApacheServiceMix\apache-servicemix-7.0.1\mine-repo\org\jboss\logging\jboss-logging\3.4.3.Final\jboss-logging-3.4.3.Final.jar;D:\Shared\MyFiles\Netmind\MI1456-ApacheServiceMix\apache-servicemix-7.0.1\mine-repo\net\bytebuddy\byte-buddy\1.12.17\byte-buddy-1.12.17.jar;D:\Shared\MyFiles\Netmind\MI1456-ApacheServiceMix\apache-servicemix-7.0.1\mine-repo\antlr\antlr\2.7.7\antlr-2.7.7.jar;D:\Shared\MyFiles\Netmind\MI1456-ApacheServiceMix\apache-servicemix-7.0.1\mine-repo\org\jboss\jandex\2.4.2.Final\jandex-2.4.2.Final.jar;D:\Shared\MyFiles\Netmind\MI1456-ApacheServiceMix\apache-servicemix-7.0.1\mine-repo\com\fasterxml\classmate\1.5.1\classmate-1.5.1.jar;D:\Shared\MyFiles\Netmind\MI1456-ApacheServiceMix\apache-servicemix-7.0.1\mine-repo\org\hibernate\common\hibernate-commons-annotations\5.1.2.Final\hibernate-commons-annotations-5.1.2.Final.jar;D:\Shared\MyFiles\Netmind\MI1456-ApacheServiceMix\apache-servicemix-7.0.1\mine-repo\org\glassfish\jaxb\jaxb-runtime\2.3.6\jaxb-runtime-2.3.6.jar;D:\Shared\MyFiles\Netmind\MI1456-ApacheServiceMix\apache-servicemix-7.0.1\mine-repo\org\glassfish\jaxb\txw2\2.3.6\txw2-2.3.6.jar;D:\Shared\MyFiles\Netmind\MI1456-ApacheServiceMix\apache-servicemix-7.0.1\mine-repo\com\sun\istack\istack-commons-runtime\3.0.12\istack-commons-runtime-3.0.12.jar;D:\Shared\MyFiles\Netmind\MI1456-ApacheServiceMix\apache-servicemix-7.0.1\mine-repo\com\sun\activation\jakarta.activation\1.2.2\jakarta.activation-1.2.2.jar;D:\Shared\MyFiles\Netmind\MI1456-ApacheServiceMix\apache-servicemix-7.0.1\mine-repo\org\springframework\data\spring-data-jpa\2.7.3\spring-data-jpa-2.7.3.jar;D:\Shared\MyFiles\Netmind\MI1456-ApacheServiceMix\apache-servicemix-7.0.1\mine-repo\org\springframework\data\spring-data-commons\2.7.3\spring-data-commons-2.7.3.jar;D:\Shared\MyFiles\Netmind\MI1456-ApacheServiceMix\apache-servicemix-7.0.1\mine-repo\org\springframework\spring-orm\5.3.23\spring-orm-5.3.23.jar;D:\Shared\MyFiles\Netmind\MI1456-ApacheServiceMix\apache-servicemix-7.0.1\mine-repo\org\springframework\spring-context\5.3.23\spring-context-5.3.23.jar;D:\Shared\MyFiles\Netmind\MI1456-ApacheServiceMix\apache-servicemix-7.0.1\mine-repo\org\springframework\spring-tx\5.3.23\spring-tx-5.3.23.jar;D:\Shared\MyFiles\Netmind\MI1456-ApacheServiceMix\apache-servicemix-7.0.1\mine-repo\org\springframework\spring-beans\5.3.23\spring-beans-5.3.23.jar;D:\Shared\MyFiles\Netmind\MI1456-ApacheServiceMix\apache-servicemix-7.0.1\mine-repo\org\slf4j\slf4j-api\1.7.36\slf4j-api-1.7.36.jar;D:\Shared\MyFiles\Netmind\MI1456-ApacheServiceMix\apache-servicemix-7.0.1\mine-repo\org\springframework\spring-aspects\5.3.23\spring-aspects-5.3.23.jar;D:\Shared\MyFiles\Netmind\MI1456-ApacheServiceMix\apache-servicemix-7.0.1\mine-repo\org\springframework\boot\spring-boot-starter-web\2.7.4\spring-boot-starter-web-2.7.4.jar;D:\Shared\MyFiles\Netmind\MI1456-ApacheServiceMix\apache-servicemix-7.0.1\mine-repo\org\springframework\boot\spring-boot-starter\2.7.4\spring-boot-starter-2.7.4.jar;D:\Shared\MyFiles\Netmind\MI1456-ApacheServiceMix\apache-servicemix-7.0.1\mine-repo\org\springframework\boot\spring-boot-starter-logging\2.7.4\spring-boot-starter-logging-2.7.4.jar;D:\Shared\MyFiles\Netmind\MI1456-ApacheServiceMix\apache-servicemix-7.0.1\mine-repo\ch\qos\logback\logback-classic\1.2.11\logback-classic-1.2.11.jar;D:\Shared\MyFiles\Netmind\MI1456-ApacheServiceMix\apache-servicemix-7.0.1\mine-repo\ch\qos\logback\logback-core\1.2.11\logback-core-1.2.11.jar;D:\Shared\MyFiles\Netmind\MI1456-ApacheServiceMix\apache-servicemix-7.0.1\mine-repo\org\apache\logging\log4j\log4j-to-slf4j\2.17.2\log4j-to-slf4j-2.17.2.jar;D:\Shared\MyFiles\Netmind\MI1456-ApacheServiceMix\apache-servicemix-7.0.1\mine-repo\org\apache\logging\log4j\log4j-api\2.17.2\log4j-api-2.17.2.jar;D:\Shared\MyFiles\Netmind\MI1456-ApacheServiceMix\apache-servicemix-7.0.1\mine-repo\org\slf4j\jul-to-slf4j\1.7.36\jul-to-slf4j-1.7.36.jar;D:\Shared\MyFiles\Netmind\MI1456-ApacheServiceMix\apache-servicemix-7.0.1\mine-repo\jakarta\annotation\jakarta.annotation-api\1.3.5\jakarta.annotation-api-1.3.5.jar;D:\Shared\MyFiles\Netmind\MI1456-ApacheServiceMix\apache-servicemix-7.0.1\mine-repo\org\yaml\snakeyaml\1.30\snakeyaml-1.30.jar;D:\Shared\MyFiles\Netmind\MI1456-ApacheServiceMix\apache-servicemix-7.0.1\mine-repo\org\springframework\boot\spring-boot-starter-json\2.7.4\spring-boot-starter-json-2.7.4.jar;D:\Shared\MyFiles\Netmind\MI1456-ApacheServiceMix\apache-servicemix-7.0.1\mine-repo\com\fasterxml\jackson\core\jackson-databind\2.13.4\jackson-databind-2.13.4.jar;D:\Shared\MyFiles\Netmind\MI1456-ApacheServiceMix\apache-servicemix-7.0.1\mine-repo\com\fasterxml\jackson\core\jackson-annotations\2.13.4\jackson-annotations-2.13.4.jar;D:\Shared\MyFiles\Netmind\MI1456-ApacheServiceMix\apache-servicemix-7.0.1\mine-repo\com\fasterxml\jackson\core\jackson-core\2.13.4\jackson-core-2.13.4.jar;D:\Shared\MyFiles\Netmind\MI1456-ApacheServiceMix\apache-servicemix-7.0.1\mine-repo\com\fasterxml\jackson\datatype\jackson-datatype-jdk8\2.13.4\jackson-datatype-jdk8-2.13.4.jar;D:\Shared\MyFiles\Netmind\MI1456-ApacheServiceMix\apache-servicemix-7.0.1\mine-repo\com\fasterxml\jackson\datatype\jackson-datatype-jsr310\2.13.4\jackson-datatype-jsr310-2.13.4.jar;D:\Shared\MyFiles\Netmind\MI1456-ApacheServiceMix\apache-servicemix-7.0.1\mine-repo\com\fasterxml\jackson\module\jackson-module-parameter-names\2.13.4\jackson-module-parameter-names-2.13.4.jar;D:\Shared\MyFiles\Netmind\MI1456-ApacheServiceMix\apache-servicemix-7.0.1\mine-repo\org\springframework\boot\spring-boot-starter-tomcat\2.7.4\spring-boot-starter-tomcat-2.7.4.jar;D:\Shared\MyFiles\Netmind\MI1456-ApacheServiceMix\apache-servicemix-7.0.1\mine-repo\org\apache\tomcat\embed\tomcat-embed-core\9.0.65\tomcat-embed-core-9.0.65.jar;D:\Shared\MyFiles\Netmind\MI1456-ApacheServiceMix\apache-servicemix-7.0.1\mine-repo\org\apache\tomcat\embed\tomcat-embed-el\9.0.65\tomcat-embed-el-9.0.65.jar;D:\Shared\MyFiles\Netmind\MI1456-ApacheServiceMix\apache-servicemix-7.0.1\mine-repo\org\apache\tomcat\embed\tomcat-embed-websocket\9.0.65\tomcat-embed-websocket-9.0.65.jar;D:\Shared\MyFiles\Netmind\MI1456-ApacheServiceMix\apache-servicemix-7.0.1\mine-repo\org\springframework\spring-web\5.3.23\spring-web-5.3.23.jar;D:\Shared\MyFiles\Netmind\MI1456-ApacheServiceMix\apache-servicemix-7.0.1\mine-repo\org\springframework\spring-webmvc\5.3.23\spring-webmvc-5.3.23.jar;D:\Shared\MyFiles\Netmind\MI1456-ApacheServiceMix\apache-servicemix-7.0.1\mine-repo\org\springframework\spring-expression\5.3.23\spring-expression-5.3.23.jar;D:\Shared\MyFiles\Netmind\MI1456-ApacheServiceMix\apache-servicemix-7.0.1\mine-repo\org\springframework\boot\spring-boot-devtools\2.7.4\spring-boot-devtools-2.7.4.jar;D:\Shared\MyFiles\Netmind\MI1456-ApacheServiceMix\apache-servicemix-7.0.1\mine-repo\org\springframework\boot\spring-boot\2.7.4\spring-boot-2.7.4.jar;D:\Shared\MyFiles\Netmind\MI1456-ApacheServiceMix\apache-servicemix-7.0.1\mine-repo\org\springframework\boot\spring-boot-autoconfigure\2.7.4\spring-boot-autoconfigure-2.7.4.jar;D:\Shared\MyFiles\Netmind\MI1456-ApacheServiceMix\apache-servicemix-7.0.1\mine-repo\com\h2database\h2\2.1.214\h2-2.1.214.jar;D:\Shared\MyFiles\Netmind\MI1456-ApacheServiceMix\apache-servicemix-7.0.1\mine-repo\org\projectlombok\lombok\1.18.24\lombok-1.18.24.jar;D:\Shared\MyFiles\Netmind\MI1456-ApacheServiceMix\apache-servicemix-7.0.1\mine-repo\org\springframework\boot\spring-boot-starter-test\2.7.4\spring-boot-starter-test-2.7.4.jar;D:\Shared\MyFiles\Netmind\MI1456-ApacheServiceMix\apache-servicemix-7.0.1\mine-repo\org\springframework\boot\spring-boot-test\2.7.4\spring-boot-test-2.7.4.jar;D:\Shared\MyFiles\Netmind\MI1456-ApacheServiceMix\apache-servicemix-7.0.1\mine-repo\org\springframework\boot\spring-boot-test-autoconfigure\2.7.4\spring-boot-test-autoconfigure-2.7.4.jar;D:\Shared\MyFiles\Netmind\MI1456-ApacheServiceMix\apache-servicemix-7.0.1\mine-repo\com\jayway\jsonpath\json-path\2.7.0\json-path-2.7.0.jar;D:\Shared\MyFiles\Netmind\MI1456-ApacheServiceMix\apache-servicemix-7.0.1\mine-repo\net\minidev\json-smart\2.4.8\json-smart-2.4.8.jar;D:\Shared\MyFiles\Netmind\MI1456-ApacheServiceMix\apache-servicemix-7.0.1\mine-repo\net\minidev\accessors-smart\2.4.8\accessors-smart-2.4.8.jar;D:\Shared\MyFiles\Netmind\MI1456-ApacheServiceMix\apache-servicemix-7.0.1\mine-repo\org\ow2\asm\asm\9.1\asm-9.1.jar;D:\Shared\MyFiles\Netmind\MI1456-ApacheServiceMix\apache-servicemix-7.0.1\mine-repo\jakarta\xml\bind\jakarta.xml.bind-api\2.3.3\jakarta.xml.bind-api-2.3.3.jar;D:\Shared\MyFiles\Netmind\MI1456-ApacheServiceMix\apache-servicemix-7.0.1\mine-repo\jakarta\activation\jakarta.activation-api\1.2.2\jakarta.activation-api-1.2.2.jar;D:\Shared\MyFiles\Netmind\MI1456-ApacheServiceMix\apache-servicemix-7.0.1\mine-repo\org\assertj\assertj-core\3.22.0\assertj-core-3.22.0.jar;D:\Shared\MyFiles\Netmind\MI1456-ApacheServiceMix\apache-servicemix-7.0.1\mine-repo\org\hamcrest\hamcrest\2.2\hamcrest-2.2.jar;D:\Shared\MyFiles\Netmind\MI1456-ApacheServiceMix\apache-servicemix-7.0.1\mine-repo\org\junit\jupiter\junit-jupiter\5.8.2\junit-jupiter-5.8.2.jar;D:\Shared\MyFiles\Netmind\MI1456-ApacheServiceMix\apache-servicemix-7.0.1\mine-repo\org\junit\jupiter\junit-jupiter-api\5.8.2\junit-jupiter-api-5.8.2.jar;D:\Shared\MyFiles\Netmind\MI1456-ApacheServiceMix\apache-servicemix-7.0.1\mine-repo\org\opentest4j\opentest4j\1.2.0\opentest4j-1.2.0.jar;D:\Shared\MyFiles\Netmind\MI1456-ApacheServiceMix\apache-servicemix-7.0.1\mine-repo\org\junit\platform\junit-platform-commons\1.8.2\junit-platform-commons-1.8.2.jar;D:\Shared\MyFiles\Netmind\MI1456-ApacheServiceMix\apache-servicemix-7.0.1\mine-repo\org\apiguardian\apiguardian-api\1.1.2\apiguardian-api-1.1.2.jar;D:\Shared\MyFiles\Netmind\MI1456-ApacheServiceMix\apache-servicemix-7.0.1\mine-repo\org\junit\jupiter\junit-jupiter-params\5.8.2\junit-jupiter-params-5.8.2.jar;D:\Shared\MyFiles\Netmind\MI1456-ApacheServiceMix\apache-servicemix-7.0.1\mine-repo\org\junit\jupiter\junit-jupiter-engine\5.8.2\junit-jupiter-engine-5.8.2.jar;D:\Shared\MyFiles\Netmind\MI1456-ApacheServiceMix\apache-servicemix-7.0.1\mine-repo\org\junit\platform\junit-platform-engine\1.8.2\junit-platform-engine-1.8.2.jar;D:\Shared\MyFiles\Netmind\MI1456-ApacheServiceMix\apache-servicemix-7.0.1\mine-repo\org\mockito\mockito-core\4.5.1\mockito-core-4.5.1.jar;D:\Shared\MyFiles\Netmind\MI1456-ApacheServiceMix\apache-servicemix-7.0.1\mine-repo\net\bytebuddy\byte-buddy-agent\1.12.17\byte-buddy-agent-1.12.17.jar;D:\Shared\MyFiles\Netmind\MI1456-ApacheServiceMix\apache-servicemix-7.0.1\mine-repo\org\objenesis\objenesis\3.2\objenesis-3.2.jar;D:\Shared\MyFiles\Netmind\MI1456-ApacheServiceMix\apache-servicemix-7.0.1\mine-repo\org\mockito\mockito-junit-jupiter\4.5.1\mockito-junit-jupiter-4.5.1.jar;D:\Shared\MyFiles\Netmind\MI1456-ApacheServiceMix\apache-servicemix-7.0.1\mine-repo\org\skyscreamer\jsonassert\1.5.1\jsonassert-1.5.1.jar;D:\Shared\MyFiles\Netmind\MI1456-ApacheServiceMix\apache-servicemix-7.0.1\mine-repo\com\vaadin\external\google\android-json\0.0.20131108.vaadin1\android-json-0.0.20131108.vaadin1.jar;D:\Shared\MyFiles\Netmind\MI1456-ApacheServiceMix\apache-servicemix-7.0.1\mine-repo\org\springframework\spring-core\5.3.23\spring-core-5.3.23.jar;D:\Shared\MyFiles\Netmind\MI1456-ApacheServiceMix\apache-servicemix-7.0.1\mine-repo\org\springframework\spring-jcl\5.3.23\spring-jcl-5.3.23.jar;D:\Shared\MyFiles\Netmind\MI1456-ApacheServiceMix\apache-servicemix-7.0.1\mine-repo\org\springframework\spring-test\5.3.23\spring-test-5.3.23.jar;D:\Shared\MyFiles\Netmind\MI1456-ApacheServiceMix\apache-servicemix-7.0.1\mine-repo\org\xmlunit\xmlunit-core\2.9.0\xmlunit-core-2.9.0.jar;"/>
    <property name="java.vm.vendor" value="Oracle Corporation"/>
    <property name="sun.arch.data.model" value="64"/>
    <property name="user.variant" value=""/>
    <property name="java.vendor.url" value="http://java.oracle.com/"/>
    <property name="user.timezone" value="Europe/Paris"/>
    <property name="java.vm.specification.version" value="11"/>
    <property name="os.name" value="Windows 10"/>
    <property name="sun.java.launcher" value="SUN_STANDARD"/>
    <property name="user.country" value="ES"/>
    <property name="sun.boot.library.path" value="D:\Program Files\jdk-11\bin"/>
    <property name="sun.java.command" value="C:\Users\ricardo\AppData\Local\Temp\surefire7208993963602193266\surefirebooter8884162938599096354.jar C:\Users\ricardo\AppData\Local\Temp\surefire7208993963602193266 2022-10-14T18-09-46_242-jvmRun1 surefire7035379981983399676tmp surefire_011838181501311674602tmp"/>
    <property name="jdk.debug" value="release"/>
    <property name="surefire.test.class.path" value="D:\Shared\MyFiles\Netmind\spring-boot-microservices\demo\target\test-classes;D:\Shared\MyFiles\Netmind\spring-boot-microservices\demo\target\classes;D:\Shared\MyFiles\Netmind\MI1456-ApacheServiceMix\apache-servicemix-7.0.1\mine-repo\org\springframework\boot\spring-boot-starter-data-jpa\2.7.4\spring-boot-starter-data-jpa-2.7.4.jar;D:\Shared\MyFiles\Netmind\MI1456-ApacheServiceMix\apache-servicemix-7.0.1\mine-repo\org\springframework\boot\spring-boot-starter-aop\2.7.4\spring-boot-starter-aop-2.7.4.jar;D:\Shared\MyFiles\Netmind\MI1456-ApacheServiceMix\apache-servicemix-7.0.1\mine-repo\org\springframework\spring-aop\5.3.23\spring-aop-5.3.23.jar;D:\Shared\MyFiles\Netmind\MI1456-ApacheServiceMix\apache-servicemix-7.0.1\mine-repo\org\aspectj\aspectjweaver\1.9.7\aspectjweaver-1.9.7.jar;D:\Shared\MyFiles\Netmind\MI1456-ApacheServiceMix\apache-servicemix-7.0.1\mine-repo\org\springframework\boot\spring-boot-starter-jdbc\2.7.4\spring-boot-starter-jdbc-2.7.4.jar;D:\Shared\MyFiles\Netmind\MI1456-ApacheServiceMix\apache-servicemix-7.0.1\mine-repo\com\zaxxer\HikariCP\4.0.3\HikariCP-4.0.3.jar;D:\Shared\MyFiles\Netmind\MI1456-ApacheServiceMix\apache-servicemix-7.0.1\mine-repo\org\springframework\spring-jdbc\5.3.23\spring-jdbc-5.3.23.jar;D:\Shared\MyFiles\Netmind\MI1456-ApacheServiceMix\apache-servicemix-7.0.1\mine-repo\jakarta\transaction\jakarta.transaction-api\1.3.3\jakarta.transaction-api-1.3.3.jar;D:\Shared\MyFiles\Netmind\MI1456-ApacheServiceMix\apache-servicemix-7.0.1\mine-repo\jakarta\persistence\jakarta.persistence-api\2.2.3\jakarta.persistence-api-2.2.3.jar;D:\Shared\MyFiles\Netmind\MI1456-ApacheServiceMix\apache-servicemix-7.0.1\mine-repo\org\hibernate\hibernate-core\5.6.11.Final\hibernate-core-5.6.11.Final.jar;D:\Shared\MyFiles\Netmind\MI1456-ApacheServiceMix\apache-servicemix-7.0.1\mine-repo\org\jboss\logging\jboss-logging\3.4.3.Final\jboss-logging-3.4.3.Final.jar;D:\Shared\MyFiles\Netmind\MI1456-ApacheServiceMix\apache-servicemix-7.0.1\mine-repo\net\bytebuddy\byte-buddy\1.12.17\byte-buddy-1.12.17.jar;D:\Shared\MyFiles\Netmind\MI1456-ApacheServiceMix\apache-servicemix-7.0.1\mine-repo\antlr\antlr\2.7.7\antlr-2.7.7.jar;D:\Shared\MyFiles\Netmind\MI1456-ApacheServiceMix\apache-servicemix-7.0.1\mine-repo\org\jboss\jandex\2.4.2.Final\jandex-2.4.2.Final.jar;D:\Shared\MyFiles\Netmind\MI1456-ApacheServiceMix\apache-servicemix-7.0.1\mine-repo\com\fasterxml\classmate\1.5.1\classmate-1.5.1.jar;D:\Shared\MyFiles\Netmind\MI1456-ApacheServiceMix\apache-servicemix-7.0.1\mine-repo\org\hibernate\common\hibernate-commons-annotations\5.1.2.Final\hibernate-commons-annotations-5.1.2.Final.jar;D:\Shared\MyFiles\Netmind\MI1456-ApacheServiceMix\apache-servicemix-7.0.1\mine-repo\org\glassfish\jaxb\jaxb-runtime\2.3.6\jaxb-runtime-2.3.6.jar;D:\Shared\MyFiles\Netmind\MI1456-ApacheServiceMix\apache-servicemix-7.0.1\mine-repo\org\glassfish\jaxb\txw2\2.3.6\txw2-2.3.6.jar;D:\Shared\MyFiles\Netmind\MI1456-ApacheServiceMix\apache-servicemix-7.0.1\mine-repo\com\sun\istack\istack-commons-runtime\3.0.12\istack-commons-runtime-3.0.12.jar;D:\Shared\MyFiles\Netmind\MI1456-ApacheServiceMix\apache-servicemix-7.0.1\mine-repo\com\sun\activation\jakarta.activation\1.2.2\jakarta.activation-1.2.2.jar;D:\Shared\MyFiles\Netmind\MI1456-ApacheServiceMix\apache-servicemix-7.0.1\mine-repo\org\springframework\data\spring-data-jpa\2.7.3\spring-data-jpa-2.7.3.jar;D:\Shared\MyFiles\Netmind\MI1456-ApacheServiceMix\apache-servicemix-7.0.1\mine-repo\org\springframework\data\spring-data-commons\2.7.3\spring-data-commons-2.7.3.jar;D:\Shared\MyFiles\Netmind\MI1456-ApacheServiceMix\apache-servicemix-7.0.1\mine-repo\org\springframework\spring-orm\5.3.23\spring-orm-5.3.23.jar;D:\Shared\MyFiles\Netmind\MI1456-ApacheServiceMix\apache-servicemix-7.0.1\mine-repo\org\springframework\spring-context\5.3.23\spring-context-5.3.23.jar;D:\Shared\MyFiles\Netmind\MI1456-ApacheServiceMix\apache-servicemix-7.0.1\mine-repo\org\springframework\spring-tx\5.3.23\spring-tx-5.3.23.jar;D:\Shared\MyFiles\Netmind\MI1456-ApacheServiceMix\apache-servicemix-7.0.1\mine-repo\org\springframework\spring-beans\5.3.23\spring-beans-5.3.23.jar;D:\Shared\MyFiles\Netmind\MI1456-ApacheServiceMix\apache-servicemix-7.0.1\mine-repo\org\slf4j\slf4j-api\1.7.36\slf4j-api-1.7.36.jar;D:\Shared\MyFiles\Netmind\MI1456-ApacheServiceMix\apache-servicemix-7.0.1\mine-repo\org\springframework\spring-aspects\5.3.23\spring-aspects-5.3.23.jar;D:\Shared\MyFiles\Netmind\MI1456-ApacheServiceMix\apache-servicemix-7.0.1\mine-repo\org\springframework\boot\spring-boot-starter-web\2.7.4\spring-boot-starter-web-2.7.4.jar;D:\Shared\MyFiles\Netmind\MI1456-ApacheServiceMix\apache-servicemix-7.0.1\mine-repo\org\springframework\boot\spring-boot-starter\2.7.4\spring-boot-starter-2.7.4.jar;D:\Shared\MyFiles\Netmind\MI1456-ApacheServiceMix\apache-servicemix-7.0.1\mine-repo\org\springframework\boot\spring-boot-starter-logging\2.7.4\spring-boot-starter-logging-2.7.4.jar;D:\Shared\MyFiles\Netmind\MI1456-ApacheServiceMix\apache-servicemix-7.0.1\mine-repo\ch\qos\logback\logback-classic\1.2.11\logback-classic-1.2.11.jar;D:\Shared\MyFiles\Netmind\MI1456-ApacheServiceMix\apache-servicemix-7.0.1\mine-repo\ch\qos\logback\logback-core\1.2.11\logback-core-1.2.11.jar;D:\Shared\MyFiles\Netmind\MI1456-ApacheServiceMix\apache-servicemix-7.0.1\mine-repo\org\apache\logging\log4j\log4j-to-slf4j\2.17.2\log4j-to-slf4j-2.17.2.jar;D:\Shared\MyFiles\Netmind\MI1456-ApacheServiceMix\apache-servicemix-7.0.1\mine-repo\org\apache\logging\log4j\log4j-api\2.17.2\log4j-api-2.17.2.jar;D:\Shared\MyFiles\Netmind\MI1456-ApacheServiceMix\apache-servicemix-7.0.1\mine-repo\org\slf4j\jul-to-slf4j\1.7.36\jul-to-slf4j-1.7.36.jar;D:\Shared\MyFiles\Netmind\MI1456-ApacheServiceMix\apache-servicemix-7.0.1\mine-repo\jakarta\annotation\jakarta.annotation-api\1.3.5\jakarta.annotation-api-1.3.5.jar;D:\Shared\MyFiles\Netmind\MI1456-ApacheServiceMix\apache-servicemix-7.0.1\mine-repo\org\yaml\snakeyaml\1.30\snakeyaml-1.30.jar;D:\Shared\MyFiles\Netmind\MI1456-ApacheServiceMix\apache-servicemix-7.0.1\mine-repo\org\springframework\boot\spring-boot-starter-json\2.7.4\spring-boot-starter-json-2.7.4.jar;D:\Shared\MyFiles\Netmind\MI1456-ApacheServiceMix\apache-servicemix-7.0.1\mine-repo\com\fasterxml\jackson\core\jackson-databind\2.13.4\jackson-databind-2.13.4.jar;D:\Shared\MyFiles\Netmind\MI1456-ApacheServiceMix\apache-servicemix-7.0.1\mine-repo\com\fasterxml\jackson\core\jackson-annotations\2.13.4\jackson-annotations-2.13.4.jar;D:\Shared\MyFiles\Netmind\MI1456-ApacheServiceMix\apache-servicemix-7.0.1\mine-repo\com\fasterxml\jackson\core\jackson-core\2.13.4\jackson-core-2.13.4.jar;D:\Shared\MyFiles\Netmind\MI1456-ApacheServiceMix\apache-servicemix-7.0.1\mine-repo\com\fasterxml\jackson\datatype\jackson-datatype-jdk8\2.13.4\jackson-datatype-jdk8-2.13.4.jar;D:\Shared\MyFiles\Netmind\MI1456-ApacheServiceMix\apache-servicemix-7.0.1\mine-repo\com\fasterxml\jackson\datatype\jackson-datatype-jsr310\2.13.4\jackson-datatype-jsr310-2.13.4.jar;D:\Shared\MyFiles\Netmind\MI1456-ApacheServiceMix\apache-servicemix-7.0.1\mine-repo\com\fasterxml\jackson\module\jackson-module-parameter-names\2.13.4\jackson-module-parameter-names-2.13.4.jar;D:\Shared\MyFiles\Netmind\MI1456-ApacheServiceMix\apache-servicemix-7.0.1\mine-repo\org\springframework\boot\spring-boot-starter-tomcat\2.7.4\spring-boot-starter-tomcat-2.7.4.jar;D:\Shared\MyFiles\Netmind\MI1456-ApacheServiceMix\apache-servicemix-7.0.1\mine-repo\org\apache\tomcat\embed\tomcat-embed-core\9.0.65\tomcat-embed-core-9.0.65.jar;D:\Shared\MyFiles\Netmind\MI1456-ApacheServiceMix\apache-servicemix-7.0.1\mine-repo\org\apache\tomcat\embed\tomcat-embed-el\9.0.65\tomcat-embed-el-9.0.65.jar;D:\Shared\MyFiles\Netmind\MI1456-ApacheServiceMix\apache-servicemix-7.0.1\mine-repo\org\apache\tomcat\embed\tomcat-embed-websocket\9.0.65\tomcat-embed-websocket-9.0.65.jar;D:\Shared\MyFiles\Netmind\MI1456-ApacheServiceMix\apache-servicemix-7.0.1\mine-repo\org\springframework\spring-web\5.3.23\spring-web-5.3.23.jar;D:\Shared\MyFiles\Netmind\MI1456-ApacheServiceMix\apache-servicemix-7.0.1\mine-repo\org\springframework\spring-webmvc\5.3.23\spring-webmvc-5.3.23.jar;D:\Shared\MyFiles\Netmind\MI1456-ApacheServiceMix\apache-servicemix-7.0.1\mine-repo\org\springframework\spring-expression\5.3.23\spring-expression-5.3.23.jar;D:\Shared\MyFiles\Netmind\MI1456-ApacheServiceMix\apache-servicemix-7.0.1\mine-repo\org\springframework\boot\spring-boot-devtools\2.7.4\spring-boot-devtools-2.7.4.jar;D:\Shared\MyFiles\Netmind\MI1456-ApacheServiceMix\apache-servicemix-7.0.1\mine-repo\org\springframework\boot\spring-boot\2.7.4\spring-boot-2.7.4.jar;D:\Shared\MyFiles\Netmind\MI1456-ApacheServiceMix\apache-servicemix-7.0.1\mine-repo\org\springframework\boot\spring-boot-autoconfigure\2.7.4\spring-boot-autoconfigure-2.7.4.jar;D:\Shared\MyFiles\Netmind\MI1456-ApacheServiceMix\apache-servicemix-7.0.1\mine-repo\com\h2database\h2\2.1.214\h2-2.1.214.jar;D:\Shared\MyFiles\Netmind\MI1456-ApacheServiceMix\apache-servicemix-7.0.1\mine-repo\org\projectlombok\lombok\1.18.24\lombok-1.18.24.jar;D:\Shared\MyFiles\Netmind\MI1456-ApacheServiceMix\apache-servicemix-7.0.1\mine-repo\org\springframework\boot\spring-boot-starter-test\2.7.4\spring-boot-starter-test-2.7.4.jar;D:\Shared\MyFiles\Netmind\MI1456-ApacheServiceMix\apache-servicemix-7.0.1\mine-repo\org\springframework\boot\spring-boot-test\2.7.4\spring-boot-test-2.7.4.jar;D:\Shared\MyFiles\Netmind\MI1456-ApacheServiceMix\apache-servicemix-7.0.1\mine-repo\org\springframework\boot\spring-boot-test-autoconfigure\2.7.4\spring-boot-test-autoconfigure-2.7.4.jar;D:\Shared\MyFiles\Netmind\MI1456-ApacheServiceMix\apache-servicemix-7.0.1\mine-repo\com\jayway\jsonpath\json-path\2.7.0\json-path-2.7.0.jar;D:\Shared\MyFiles\Netmind\MI1456-ApacheServiceMix\apache-servicemix-7.0.1\mine-repo\net\minidev\json-smart\2.4.8\json-smart-2.4.8.jar;D:\Shared\MyFiles\Netmind\MI1456-ApacheServiceMix\apache-servicemix-7.0.1\mine-repo\net\minidev\accessors-smart\2.4.8\accessors-smart-2.4.8.jar;D:\Shared\MyFiles\Netmind\MI1456-ApacheServiceMix\apache-servicemix-7.0.1\mine-repo\org\ow2\asm\asm\9.1\asm-9.1.jar;D:\Shared\MyFiles\Netmind\MI1456-ApacheServiceMix\apache-servicemix-7.0.1\mine-repo\jakarta\xml\bind\jakarta.xml.bind-api\2.3.3\jakarta.xml.bind-api-2.3.3.jar;D:\Shared\MyFiles\Netmind\MI1456-ApacheServiceMix\apache-servicemix-7.0.1\mine-repo\jakarta\activation\jakarta.activation-api\1.2.2\jakarta.activation-api-1.2.2.jar;D:\Shared\MyFiles\Netmind\MI1456-ApacheServiceMix\apache-servicemix-7.0.1\mine-repo\org\assertj\assertj-core\3.22.0\assertj-core-3.22.0.jar;D:\Shared\MyFiles\Netmind\MI1456-ApacheServiceMix\apache-servicemix-7.0.1\mine-repo\org\hamcrest\hamcrest\2.2\hamcrest-2.2.jar;D:\Shared\MyFiles\Netmind\MI1456-ApacheServiceMix\apache-servicemix-7.0.1\mine-repo\org\junit\jupiter\junit-jupiter\5.8.2\junit-jupiter-5.8.2.jar;D:\Shared\MyFiles\Netmind\MI1456-ApacheServiceMix\apache-servicemix-7.0.1\mine-repo\org\junit\jupiter\junit-jupiter-api\5.8.2\junit-jupiter-api-5.8.2.jar;D:\Shared\MyFiles\Netmind\MI1456-ApacheServiceMix\apache-servicemix-7.0.1\mine-repo\org\opentest4j\opentest4j\1.2.0\opentest4j-1.2.0.jar;D:\Shared\MyFiles\Netmind\MI1456-ApacheServiceMix\apache-servicemix-7.0.1\mine-repo\org\junit\platform\junit-platform-commons\1.8.2\junit-platform-commons-1.8.2.jar;D:\Shared\MyFiles\Netmind\MI1456-ApacheServiceMix\apache-servicemix-7.0.1\mine-repo\org\apiguardian\apiguardian-api\1.1.2\apiguardian-api-1.1.2.jar;D:\Shared\MyFiles\Netmind\MI1456-ApacheServiceMix\apache-servicemix-7.0.1\mine-repo\org\junit\jupiter\junit-jupiter-params\5.8.2\junit-jupiter-params-5.8.2.jar;D:\Shared\MyFiles\Netmind\MI1456-ApacheServiceMix\apache-servicemix-7.0.1\mine-repo\org\junit\jupiter\junit-jupiter-engine\5.8.2\junit-jupiter-engine-5.8.2.jar;D:\Shared\MyFiles\Netmind\MI1456-ApacheServiceMix\apache-servicemix-7.0.1\mine-repo\org\junit\platform\junit-platform-engine\1.8.2\junit-platform-engine-1.8.2.jar;D:\Shared\MyFiles\Netmind\MI1456-ApacheServiceMix\apache-servicemix-7.0.1\mine-repo\org\mockito\mockito-core\4.5.1\mockito-core-4.5.1.jar;D:\Shared\MyFiles\Netmind\MI1456-ApacheServiceMix\apache-servicemix-7.0.1\mine-repo\net\bytebuddy\byte-buddy-agent\1.12.17\byte-buddy-agent-1.12.17.jar;D:\Shared\MyFiles\Netmind\MI1456-ApacheServiceMix\apache-servicemix-7.0.1\mine-repo\org\objenesis\objenesis\3.2\objenesis-3.2.jar;D:\Shared\MyFiles\Netmind\MI1456-ApacheServiceMix\apache-servicemix-7.0.1\mine-repo\org\mockito\mockito-junit-jupiter\4.5.1\mockito-junit-jupiter-4.5.1.jar;D:\Shared\MyFiles\Netmind\MI1456-ApacheServiceMix\apache-servicemix-7.0.1\mine-repo\org\skyscreamer\jsonassert\1.5.1\jsonassert-1.5.1.jar;D:\Shared\MyFiles\Netmind\MI1456-ApacheServiceMix\apache-servicemix-7.0.1\mine-repo\com\vaadin\external\google\android-json\0.0.20131108.vaadin1\android-json-0.0.20131108.vaadin1.jar;D:\Shared\MyFiles\Netmind\MI1456-ApacheServiceMix\apache-servicemix-7.0.1\mine-repo\org\springframework\spring-core\5.3.23\spring-core-5.3.23.jar;D:\Shared\MyFiles\Netmind\MI1456-ApacheServiceMix\apache-servicemix-7.0.1\mine-repo\org\springframework\spring-jcl\5.3.23\spring-jcl-5.3.23.jar;D:\Shared\MyFiles\Netmind\MI1456-ApacheServiceMix\apache-servicemix-7.0.1\mine-repo\org\springframework\spring-test\5.3.23\spring-test-5.3.23.jar;D:\Shared\MyFiles\Netmind\MI1456-ApacheServiceMix\apache-servicemix-7.0.1\mine-repo\org\xmlunit\xmlunit-core\2.9.0\xmlunit-core-2.9.0.jar;"/>
    <property name="sun.cpu.endian" value="little"/>
    <property name="user.home" value="C:\Users\ricardo"/>
    <property name="user.language" value="es"/>
    <property name="java.specification.vendor" value="Oracle Corporation"/>
    <property name="java.version.date" value="2018-09-25"/>
    <property name="java.home" value="D:\Program Files\jdk-11"/>
    <property name="file.separator" value="\"/>
    <property name="basedir" value="D:\Shared\MyFiles\Netmind\spring-boot-microservices\demo"/>
    <property name="java.vm.compressedOopsMode" value="32-bit"/>
    <property name="line.separator" value="&#10;"/>
    <property name="java.specification.name" value="Java Platform API Specification"/>
    <property name="java.vm.specification.vendor" value="Oracle Corporation"/>
    <property name="java.awt.graphicsenv" value="sun.awt.Win32GraphicsEnvironment"/>
    <property name="surefire.real.class.path" value="C:\Users\ricardo\AppData\Local\Temp\surefire7208993963602193266\surefirebooter8884162938599096354.jar"/>
    <property name="user.script" value=""/>
    <property name="sun.management.compiler" value="HotSpot 64-Bit Tiered Compilers"/>
    <property name="java.runtime.version" value="11+28"/>
    <property name="user.name" value="ricardo"/>
    <property name="path.separator" value=";"/>
    <property name="os.version" value="10.0"/>
    <property name="java.runtime.name" value="OpenJDK Runtime Environment"/>
    <property name="file.encoding" value="Cp1252"/>
    <property name="java.vm.name" value="OpenJDK 64-Bit Server VM"/>
    <property name="java.vendor.version" value="18.9"/>
    <property name="localRepository" value="D:\Shared\MyFiles\Netmind\MI1456-ApacheServiceMix\apache-servicemix-7.0.1\mine-repo"/>
    <property name="java.vendor.url.bug" value="http://bugreport.java.com/bugreport/"/>
    <property name="java.io.tmpdir" value="C:\Users\ricardo\AppData\Local\Temp\"/>
    <property name="java.version" value="11"/>
    <property name="user.dir" value="D:\Shared\MyFiles\Netmind\spring-boot-microservices\demo"/>
    <property name="os.arch" value="amd64"/>
    <property name="java.vm.specification.name" value="Java Virtual Machine Specification"/>
    <property name="java.awt.printerjob" value="sun.awt.windows.WPrinterJob"/>
    <property name="sun.os.patch.level" value=""/>
    <property name="java.library.path" value="D:\Program Files\jdk-11\bin;C:\WINDOWS\Sun\Java\bin;C:\WINDOWS\system32;C:\WINDOWS;D:\Program Files\cmder_mini\bin;D:\Program Files\cmder_mini\vendor\conemu-maximus5;D:\Program Files\cmder_mini\vendor\conemu-maximus5\ConEmu;C:\WINDOWS\system32;C:\WINDOWS;C:\WINDOWS\System32\Wbem;C:\WINDOWS\System32\WindowsPowerShell\v1.0\;C:\WINDOWS\System32\OpenSSH\;D:\Program Files\Git\cmd;D:\Program Files\Git\mingw64\bin;D:\Program Files\Git\usr\bin;D:\Program Files\nvm;C:\Program Files\nodejs;D:\Program Files\PuTTY\;C:\Program Files\k6\;C:\Program Files\PowerShell\7\;D:\Ruby30-x64\bin;D:\Ruby31-x64\bin;C:\Users\ricardo\AppData\Local\Microsoft\WindowsApps;D:\Program Files\jdk-11\bin;D:\Program Files\nvm;C:\Program Files\nodejs;C:\Users\ricardo\AppData\Local\Programs\Microsoft VS Code\bin;D:\Shared\MyApps\dotnet-sdk-5.0.408-win-x64;C:\Users\ricardo\.dotnet\tools;D:\Program Files\apache-maven-3.5.3\bin;C:\Users\ricardo\AppData\Local\Programs\oh-my-posh\bin;C:\Users\ricardo\AppData\Local\Programs\Python\Python39\Scripts;C:\Users\ricardo\AppData\Local\rasjani\WebDriverManager\bin;D:\Program Files\terraform;C:\Users\ricardo\Documents\PowerShell\Scripts;D:\Program Files\mongosh-1.6.0-win32-x64\bin;;D:\Program Files\Git\usr\bin;D:\Program Files\Git\usr\share\vim\vim74;D:\Program Files\cmder_mini\;."/>
    <property name="java.vendor" value="Oracle Corporation"/>
    <property name="java.vm.info" value="mixed mode"/>
    <property name="java.vm.version" value="11+28"/>
    <property name="sun.io.unicode.encoding" value="UnicodeLittle"/>
    <property name="java.class.version" value="55.0"/>
  </properties>
  <testcase name="contextLoads" classname="com.netmind.demo.DemoApplicationTests" time="0.001"/>
</testsuite>